0 info it worked if it ends with ok
1 verbose cli [ 'node',
1 verbose cli   '/usr/local/bin/npm',
1 verbose cli   'install',
1 verbose cli   '-g',
1 verbose cli   'cordova-ios@4.0.0-dev' ]
2 info using npm@2.5.1
3 info using node@v0.12.0
4 silly cache add args [ 'cordova-ios@4.0.0-dev', null ]
5 verbose cache add spec cordova-ios@4.0.0-dev
6 silly cache add parsed spec { raw: 'cordova-ios@4.0.0-dev',
6 silly cache add   scope: null,
6 silly cache add   name: 'cordova-ios',
6 silly cache add   rawSpec: '4.0.0-dev',
6 silly cache add   spec: '4.0.0-dev',
6 silly cache add   type: 'version' }
7 verbose addNamed cordova-ios@4.0.0-dev
8 silly addNamed semver.valid 4.0.0-dev
9 silly addNamed semver.validRange 4.0.0-dev
10 silly mapToRegistry name cordova-ios
11 silly mapToRegistry using default registry
12 silly mapToRegistry registry https://registry.npmjs.org/
13 silly mapToRegistry uri https://registry.npmjs.org/cordova-ios
14 verbose addNameVersion registry:https://registry.npmjs.org/cordova-ios not in flight; fetching
15 verbose request uri https://registry.npmjs.org/cordova-ios
16 verbose request no auth needed
17 info attempt registry request try #1 at 09:16:25
18 verbose request id 33eed0dc24db3096
19 verbose etag "E1OXEX9SZJAR1P2XCN3452RWS"
20 http request GET https://registry.npmjs.org/cordova-ios
21 http 304 https://registry.npmjs.org/cordova-ios
22 silly get cb [ 304,
22 silly get   { date: 'Mon, 29 Jun 2015 00:16:22 GMT',
22 silly get     via: '1.1 varnish',
22 silly get     'cache-control': 'max-age=60',
22 silly get     etag: '"E1OXEX9SZJAR1P2XCN3452RWS"',
22 silly get     age: '3',
22 silly get     connection: 'keep-alive',
22 silly get     'x-served-by': 'cache-nrt6132-NRT',
22 silly get     'x-cache': 'HIT',
22 silly get     'x-cache-hits': '1',
22 silly get     'x-timer': 'S1435536982.175816,VS0,VE1',
22 silly get     vary: 'Accept' } ]
23 verbose etag https://registry.npmjs.org/cordova-ios from cache
24 verbose get saving cordova-ios to /Users/coupang/.npm/registry.npmjs.org/cordova-ios/.cache.json
25 verbose stack Error: version not found: cordova-ios@4.0.0-dev
25 verbose stack     at setData (/usr/local/lib/node_modules/npm/lib/cache/add-named.js:122:12)
25 verbose stack     at RES (/usr/local/lib/node_modules/npm/node_modules/inflight/inflight.js:23:14)
25 verbose stack     at f (/usr/local/lib/node_modules/npm/node_modules/once/once.js:17:25)
25 verbose stack     at saved (/usr/local/lib/node_modules/npm/lib/cache/caching-client.js:173:7)
25 verbose stack     at FSReqWrap.oncomplete (fs.js:99:15)
26 verbose statusCode 404
27 verbose cwd /Users/coupang/development/ionic_workspace/rotowikiApp
28 error Darwin 14.3.0
29 error argv "node" "/usr/local/bin/npm" "install" "-g" "cordova-ios@4.0.0-dev"
30 error node v0.12.0
31 error npm  v2.5.1
32 error version not found: cordova-ios@4.0.0-dev
33 error If you need help, you may report this error at:
33 error     <http://github.com/npm/npm/issues>
34 verbose exit [ 1, true ]
